<?xml version="1.0" encoding="UTF-8"?>
<!-- Generated by org.testng.reporters.JUnitReportReporter -->
<testsuite hostname="PMJ" failures="0" tests="1" name="project2.scenario6" time="27.455" errors="0" timestamp="29 Dec 2022 15:39:28 GMT" skipped="0">
  <testcase classname="project2.scenario6" name="adminlogin" time="27.455"/>
</testsuite> <!-- project2.scenario6 -->
