<?xml version="1.0" encoding="UTF-8"?>
<!-- Generated by org.testng.reporters.JUnitReportReporter -->
<testsuite hostname="PMJ" failures="0" tests="1" name="project2.scenario6" time="28.733" errors="0" timestamp="29 Dec 2022 15:42:27 GMT" skipped="0">
  <testcase classname="project2.scenario6" name="adminlogin" time="28.733"/>
</testsuite> <!-- project2.scenario6 -->
