<?xml version="1.0" encoding="UTF-8"?>
<!-- Generated by org.testng.reporters.JUnitReportReporter -->
<testsuite hostname="PMJ" failures="0" tests="1" name="project2.scenario5" time="21.371" errors="0" timestamp="29 Dec 2022 15:42:27 GMT" skipped="0">
  <testcase classname="project2.scenario5" name="adminlogin" time="21.371"/>
</testsuite> <!-- project2.scenario5 -->
